project2_Solution_color_SKELETON/build/intermediates/manifest_merge_blame_file/debug/manifest-merger-blame-debug-report.txt
1<?xml version="1.0" encoding="utf-8"?>
2<manifest xmlns:android="http://schemas.android.com/apk/res/android"
3    package="com.example.solution_color"
4    android:versionCode="1"
5    android:versionName="1.0" >
6
7    <uses-sdk
8        android:minSdkVersion="23"
8-->src\main\AndroidManifest.xml
9        android:targetSdkVersion="29" />
9-->src\main\AndroidManifest.xml
10
11    <uses-permission android:name="android.permission.CAMERA" />
11-->[:bitmap_utilities] AndroidManifest.xml:11:5-65
11-->[:bitmap_utilities] AndroidManifest.xml:11:22-62
12    <uses-permission android:name="android.permission.WRITE_EXTERNAL_STORAGE" />
12-->[:bitmap_utilities] AndroidManifest.xml:12:5-81
12-->[:bitmap_utilities] AndroidManifest.xml:12:22-78
13    <uses-permission android:name="android.permission.READ_EXTERNAL_STORAGE" />
13-->[:bitmap_utilities] AndroidManifest.xml:13:5-80
13-->[:bitmap_utilities] AndroidManifest.xml:13:22-77
14
15    <application
15-->src\main\AndroidManifest.xml:5:3-38:19
16        android:allowBackup="true"
16-->src\main\AndroidManifest.xml:6:9-35
17        android:appComponentFactory="androidx.core.app.CoreComponentFactory"
17-->[androidx.core:core:1.1.0] AndroidManifest.xml:24:18-86
18        android:debuggable="true"
19        android:extractNativeLibs="false"
20        android:icon="@drawable/camera"
20-->src\main\AndroidManifest.xml:7:9-40
21        android:label="@string/app_name"
21-->src\main\AndroidManifest.xml:8:9-41
22        android:testOnly="true"
23        android:theme="@style/AppTheme" >
23-->src\main\AndroidManifest.xml:9:9-40
24
25        <!-- see https://developer.android.com/reference/androidx/core/content/FileProvider -->
26        <provider
26-->src\main\AndroidManifest.xml:11:9-19:20
27            android:name="androidx.core.content.FileProvider"
27-->src\main\AndroidManifest.xml:12:13-62
28            android:authorities="com.example.solution_color.fileprovider"
28-->src\main\AndroidManifest.xml:13:13-74
29            android:exported="false"
29-->src\main\AndroidManifest.xml:14:13-37
30            android:grantUriPermissions="true" >
30-->src\main\AndroidManifest.xml:15:13-47
31            <meta-data
31-->src\main\AndroidManifest.xml:16:13-18:54
32                android:name="android.support.FILE_PROVIDER_PATHS"
32-->src\main\AndroidManifest.xml:17:17-67
33                android:resource="@xml/file_paths" />
33-->src\main\AndroidManifest.xml:18:17-51
34        </provider>
35
36        <activity android:name="com.example.solution_color.SettingsActivity" />
36-->src\main\AndroidManifest.xml:21:9-54
36-->src\main\AndroidManifest.xml:21:19-51
37        <activity
37-->src\main\AndroidManifest.xml:22:9-37:20
38            android:name="com.example.solution_color.MainActivity"
38-->src\main\AndroidManifest.xml:23:13-41
39            android:configChanges="keyboardHidden|orientation"
39-->src\main\AndroidManifest.xml:24:13-63
40            android:label="@string/app_name"
40-->src\main\AndroidManifest.xml:25:13-45
41            android:screenOrientation="portrait"
41-->src\main\AndroidManifest.xml:26:13-49
42            android:theme="@style/AppTheme.NoActionBar" >
42-->src\main\AndroidManifest.xml:27:13-56
43
44            <!--
45                   android:screenOrientation="portrait" ensures that the app is always in portrait even when phone rotated
46      	 		consider what this means for phones with a slide out keyboard, they rotate the phone slide out the keyboard and
47      	 		discover, to their horror, that the app does not rotate.  So please dont ever do this in another app
48            -->
49            <intent-filter>
49-->src\main\AndroidManifest.xml:33:13-36:29
50                <action android:name="android.intent.action.MAIN" />
50-->src\main\AndroidManifest.xml:34:17-69
50-->src\main\AndroidManifest.xml:34:25-66
51
52                <category android:name="android.intent.category.LAUNCHER" />
52-->src\main\AndroidManifest.xml:35:17-77
52-->src\main\AndroidManifest.xml:35:27-74
53            </intent-filter>
54        </activity>
55    </application>
56
57</manifest>